<?xml version="1.0" encoding="UTF-8"?>
<!-- Generated by org.testng.reporters.JUnitReportReporter -->
<testsuite hostname="DESKTOP-8QJA8TG" failures="0" tests="1" name="com.wahkee.fruitStore.page.GoogleTest" time="1.531" errors="0" timestamp="2021-09-07T13:14:08 HKT" skipped="0">
  <testcase classname="com.wahkee.fruitStore.page.GoogleTest" name="googleTest" time="1.531"/>
  <system-out/>
</testsuite> <!-- com.wahkee.fruitStore.page.GoogleTest -->
